%MSG-i MF_INIT_OK:  gm2 31-Aug-2016 10:37:09 CDT JobSetup
Messagelogger initialization complete.
%MSG
%MSG-w CONFIG:  gm2 31-Aug-2016 10:37:10 CDT JobSetup
Use of services.user parameter set is deprecated.
Define all services in services parameter set.
%MSG
Marking event as containing real data
%MSG-i FastCloning:  RootOutput:outfile@Construction 31-Aug-2016 10:37:10 CDT  ModuleConstruction
Fast cloning user configuration: true
%MSG
Opening file : "./run00176.mid"
Opened MIDAS file : "./run00176.mid"
%MSG-w FastCloning:  PostOpenFile 31-Aug-2016 10:37:10 CDT BeforeEvents
Fast cloning deactivated for this input file due to empty event tree and/or event limits.
%MSG
Found Begin Of Run 176
Making run principal: run: 176
Making subRun principal: run: 176 subRun: 0
ODB parsed
Found Event 1
Found bank name "GALI"
       0 : 0x00000000
       1 : 0x0000019d
       2 : 0x0000020b
       3 : 0xfffffffe
       4 : 0xfffffa88
       5 : 0x00000000
       6 : 0x00000000
       7 : 0x00000000
       8 : 0x00000000
       9 : 0x0000000a
Found Event 2
Found bank name "GALI"
       0 : 0x000001f4
       1 : 0x00000165
       2 : 0x0000011f
       3 : 0xfffffffe
       4 : 0xfffffa7d
       5 : 0x00000000
       6 : 0xffffffe3
       7 : 0x00000000
       8 : 0xfffffb90
       9 : 0x000001fe
Found Event 3
Found bank name "GALI"
       0 : 0x000003e8
       1 : 0x00000171
       2 : 0x000000ee
       3 : 0xfffffffe
       4 : 0xfffffa57
       5 : 0x00000000
       6 : 0xffffffa2
       7 : 0x00000000
       8 : 0xfffffa3e
       9 : 0x000003f0
Found Event 4
Found bank name "GALI"
       0 : 0x000005dc
       1 : 0x00000159
       2 : 0x00000137
       3 : 0xfffffffe
       4 : 0xfffffa24
       5 : 0x00000000
       6 : 0xffffff95
       7 : 0x00000000
       8 : 0xfffffa7b
       9 : 0x000005e6
Found Event 5
Found bank name "GALI"
       0 : 0x000007d0
       1 : 0x00000167
       2 : 0x00000105
       3 : 0xfffffffe
       4 : 0xfffff9f1
       5 : 0x00000000
       6 : 0xffffff97
       7 : 0x00000000
       8 : 0xfffffab9
       9 : 0x000007da
Found Event 6
Found bank name "GALI"
       0 : 0x000009c4
       1 : 0x00000174
       2 : 0x00000124
       3 : 0xfffffffe
       4 : 0xfffff9c1
       5 : 0x00000000
       6 : 0xffffffa0
       7 : 0x00000000
       8 : 0xfffffa9a
       9 : 0x000009ce
Found Event 7
Found bank name "GALI"
       0 : 0x00000bb8
       1 : 0x0000014c
       2 : 0x00000104
       3 : 0xfffffffe
       4 : 0xfffff991
       5 : 0x00000000
       6 : 0xffffff9c
       7 : 0x00000000
       8 : 0xfffffa9a
       9 : 0x00000bc2
Found Event 8
Found bank name "GALI"
       0 : 0x00000dac
       1 : 0x00000153
       2 : 0x0000011b
       3 : 0xfffffffe
       4 : 0xfffff962
       5 : 0x00000000
       6 : 0xffffff9b
       7 : 0x00000000
       8 : 0xfffffa5d
       9 : 0x00000db4
Found Event 9
Found bank name "GALI"
       0 : 0x00000fa0
       1 : 0x0000016d
       2 : 0x00000128
       3 : 0xfffffffe
       4 : 0xfffff932
       5 : 0x00000000
       6 : 0xffffff9c
       7 : 0x00000000
       8 : 0xfffffa3e
       9 : 0x00000fa8
Found Event 10
Found bank name "GALI"
       0 : 0x00001194
       1 : 0x0000014f
       2 : 0x0000011b
       3 : 0xfffffffe
       4 : 0xfffff902
       5 : 0x00000000
       6 : 0xffffff9e
       7 : 0x00000000
       8 : 0xfffffa1f
       9 : 0x0000119c
Found Event 11
Found bank name "GALI"
       0 : 0x00001388
       1 : 0x0000017a
       2 : 0x000000ff
       3 : 0xfffffffe
       4 : 0xfffff8d1
       5 : 0x00000000
       6 : 0xffffff9b
       7 : 0x00000000
       8 : 0xfffffa1f
       9 : 0x00001390
Found Event 12
Found bank name "GALI"
       0 : 0x0000157c
       1 : 0x00000188
       2 : 0x00000106
       3 : 0xfffffffe
       4 : 0xfffff89f
       5 : 0x00000000
       6 : 0xffffff9a
       7 : 0x00000000
       8 : 0xfffffa3e
       9 : 0x00001586
Found Event 13
Found bank name "GALI"
       0 : 0x00001770
       1 : 0x00000155
       2 : 0x00000138
       3 : 0xfffffffe
       4 : 0xfffff86b
       5 : 0x00000000
       6 : 0xffffff99
       7 : 0x00000000
       8 : 0xfffffab9
       9 : 0x0000177a
Found Event 14
Found bank name "GALI"
       0 : 0x00001964
       1 : 0x00000170
       2 : 0x0000011b
       3 : 0xfffffffe
       4 : 0xfffff83a
       5 : 0x00000000
       6 : 0xffffff9c
       7 : 0x00000000
       8 : 0xfffffab9
       9 : 0x0000196e
Found Event 15
Found bank name "GALI"
       0 : 0x00001b58
       1 : 0x00000167
       2 : 0x00000143
       3 : 0xfffffffe
       4 : 0xfffff80b
       5 : 0x00000000
       6 : 0xffffffa2
       7 : 0x00000000
       8 : 0xfffffa7b
       9 : 0x00001b62
Found Event 16
Found bank name "GALI"
       0 : 0x00001d4c
       1 : 0x00000162
       2 : 0x00000120
       3 : 0xfffffffe
       4 : 0xfffff7dc
       5 : 0x00000000
       6 : 0xffffff9f
       7 : 0x00000000
       8 : 0xfffffa3e
       9 : 0x00001d56
Found Event 17
Found bank name "GALI"
       0 : 0x00001f40
       1 : 0x00000178
       2 : 0x000000f8
       3 : 0xfffffffe
       4 : 0xfffff7ac
       5 : 0x00000000
       6 : 0xffffff9d
       7 : 0x00000000
       8 : 0xfffffa1f
       9 : 0x00001f4a
Found Event 18
Found bank name "GALI"
       0 : 0x00002134
       1 : 0x00000144
       2 : 0x00000101
       3 : 0xfffffffe
       4 : 0xfffff77b
       5 : 0x00000000
       6 : 0xffffff96
       7 : 0x00000000
       8 : 0xfffffa1f
       9 : 0x0000213e
Found Event 19
Found bank name "GALI"
       0 : 0x00002328
       1 : 0x00000182
       2 : 0x00000119
       3 : 0xfffffffe
       4 : 0xfffff74b
       5 : 0x00000000
       6 : 0xffffff9f
       7 : 0x00000000
       8 : 0xfffffa1f
       9 : 0x00002332
Found Event 20
Found bank name "GALI"
       0 : 0x0000251c
       1 : 0x00000172
       2 : 0x0000011d
       3 : 0xfffffffe
       4 : 0xfffff719
       5 : 0x00000000
       6 : 0xffffff9c
       7 : 0x00000000
       8 : 0xfffffa3e
       9 : 0x00002526
Found Event 21
Found bank name "GALI"
       0 : 0x00002710
       1 : 0x0000014e
       2 : 0x000000f9
       3 : 0xfffffffe
       4 : 0xfffff6e5
       5 : 0x00000000
       6 : 0xffffff98
       7 : 0x00000000
       8 : 0xfffffa9a
       9 : 0x0000271a
Found Event 22
Found bank name "GALI"
       0 : 0x00002902
       1 : 0x00000162
       2 : 0x00000124
       3 : 0xfffffffe
       4 : 0xfffff6b3
       5 : 0x00000000
       6 : 0xffffff96
       7 : 0x00000000
       8 : 0xfffffab9
       9 : 0x0000290e
Found Event 23
Found bank name "GALI"
       0 : 0x00002af6
       1 : 0x0000016c
       2 : 0x00000105
       3 : 0xfffffffe
       4 : 0xfffff684
       5 : 0x00000000
       6 : 0xffffff9f
       7 : 0x00000000
       8 : 0xfffffa7b
       9 : 0x00002b02
Found Event 24
Found bank name "GALI"
       0 : 0x00002cea
       1 : 0x0000016f
       2 : 0x0000010b
       3 : 0xfffffffe
       4 : 0xfffff655
       5 : 0x00000000
       6 : 0xffffff9d
       7 : 0x00000000
       8 : 0xfffffa3e
       9 : 0x00002cf6
Found Event 25
Found bank name "GALI"
       0 : 0x00002ee0
       1 : 0x00000159
       2 : 0x00000127
       3 : 0xfffffffe
       4 : 0xfffff625
       5 : 0x00000000
       6 : 0xffffff9a
       7 : 0x00000000
       8 : 0xfffffa3e
       9 : 0x00002ee8
Found Event 26
Found bank name "GALI"
       0 : 0x000030d4
       1 : 0x00000164
       2 : 0x000000ff
       3 : 0xfffffffe
       4 : 0xfffff5f6
       5 : 0x00000000
       6 : 0xffffffa2
       7 : 0x00000000
       8 : 0xfffffa00
       9 : 0x000030dc
Found Event 27
Found bank name "GALI"
       0 : 0x000032c6
       1 : 0x00000164
       2 : 0x000000e6
       3 : 0xfffffffe
       4 : 0xfffff5c5
       5 : 0x00000000
       6 : 0xffffff98
       7 : 0x00000000
       8 : 0xfffffa1f
       9 : 0x000032d0
Found Event 28
Found bank name "GALI"
       0 : 0x000034ba
       1 : 0x0000016f
       2 : 0x00000103
       3 : 0xfffffffe
       4 : 0xfffff593
       5 : 0x00000000
       6 : 0xffffff9c
       7 : 0x00000000
       8 : 0xfffffa1f
       9 : 0x000034c6
Found Event 29
Found bank name "GALI"
       0 : 0x000036ae
       1 : 0x00000123
       2 : 0x000000a9
       3 : 0xfffffffe
       4 : 0xfffff55f
       5 : 0x00000000
       6 : 0xffffff98
       7 : 0x00000000
       8 : 0xfffffa7b
       9 : 0x000036b8
Found Event 30
Found bank name "GALI"
       0 : 0x000038a4
       1 : 0x0000015d
       2 : 0x000000d9
       3 : 0xfffffffe
       4 : 0xfffff52e
       5 : 0x00000000
       6 : 0xffffffa0
       7 : 0x00000000
       8 : 0xfffffa7b
       9 : 0x000038ac
Found Event 31
Found bank name "GALI"
       0 : 0x00003a98
       1 : 0x0000017b
       2 : 0x00000107
       3 : 0xfffffffe
       4 : 0xfffff4fe
       5 : 0x00000000
       6 : 0xffffffa6
       7 : 0x00000000
       8 : 0xfffffa7b
       9 : 0x00003aa0
Found Event 32
Found bank name "GALI"
       0 : 0x00003c8a
       1 : 0x00000178
       2 : 0x00000125
       3 : 0xfffffffe
       4 : 0xfffff4cf
       5 : 0x00000000
       6 : 0xffffffa4
       7 : 0x00000000
       8 : 0xfffffa3e
       9 : 0x00003c94
Found Event 33
Found bank name "GALI"
       0 : 0x00003e7e
       1 : 0x00000153
       2 : 0x00000124
       3 : 0xfffffffe
       4 : 0xfffff49f
       5 : 0x00000000
       6 : 0xffffff9b
       7 : 0x00000000
       8 : 0xfffffa1f
       9 : 0x00003e88
Found Event 34
Found bank name "GALI"
       0 : 0x00004072
       1 : 0x00000156
       2 : 0x000000ee
       3 : 0xfffffffe
       4 : 0xfffff46f
       5 : 0x00000000
       6 : 0xffffff9a
       7 : 0x00000000
       8 : 0xfffffa00
       9 : 0x0000407c
Found Event 35
Found bank name "GALI"
       0 : 0x00004266
       1 : 0x0000015e
       2 : 0x00000113
       3 : 0xfffffffe
       4 : 0xfffff43e
       5 : 0x00000000
       6 : 0xffffff9b
       7 : 0x00000000
       8 : 0xfffffa00
       9 : 0x00004270
Found Event 36
Found bank name "GALI"
       0 : 0x0000445a
       1 : 0x0000016f
       2 : 0x0000010f
       3 : 0xfffffffe
       4 : 0xfffff40d
       5 : 0x00000000
       6 : 0xffffff96
       7 : 0x00000000
       8 : 0xfffffa3e
       9 : 0x00004466
Found Event 37
Found bank name "GALI"
       0 : 0x00004650
       1 : 0x00000174
       2 : 0x00000106
       3 : 0xfffffffe
       4 : 0xfffff3d9
       5 : 0x00000000
       6 : 0xffffff96
       7 : 0x00000000
       8 : 0xfffffa7b
       9 : 0x00004658
Found Event 38
Found bank name "GALI"
       0 : 0x00004844
       1 : 0x0000014f
       2 : 0x00000116
       3 : 0xfffffffe
       4 : 0xfffff3a7
       5 : 0x00000000
       6 : 0xffffff99
       7 : 0x00000000
       8 : 0xfffffa9a
       9 : 0x0000484c
Found Event 39
Found bank name "GALI"
       0 : 0x00004a38
       1 : 0x0000016e
       2 : 0x000000fe
       3 : 0xfffffffe
       4 : 0xfffff376
       5 : 0x00000000
       6 : 0xffffff9a
       7 : 0x00000000
       8 : 0xfffffa9a
       9 : 0x00004a42
Found Event 40
Found bank name "GALI"
       0 : 0x00004c2c
       1 : 0x0000016c
       2 : 0x000000e7
       3 : 0xfffffffe
       4 : 0xfffff348
       5 : 0x00000000
       6 : 0xffffffa3
       7 : 0x00000000
       8 : 0xfffffa3e
       9 : 0x00004c34
Found Event 41
Found bank name "GALI"
       0 : 0x00004e20
       1 : 0x00000150
       2 : 0x000000d9
       3 : 0xfffffffe
       4 : 0xfffff318
       5 : 0x00000000
       6 : 0xffffff9d
       7 : 0x00000000
       8 : 0xfffffa1f
       9 : 0x00004e28
Found Event 42
Found bank name "GALI"
       0 : 0x00005012
       1 : 0x00000145
       2 : 0x00000065
       3 : 0xfffffffe
       4 : 0xfffff2e9
       5 : 0x00000000
       6 : 0xffffffa0
       7 : 0x00000000
       8 : 0xfffffa00
       9 : 0x0000501e
Found Event 43
Found bank name "GALI"
       0 : 0x00005206
       1 : 0x0000013a
       2 : 0x000000a6
       3 : 0xfffffffe
       4 : 0xfffff2b8
       5 : 0x00000000
       6 : 0xffffff9e
       7 : 0x00000000
       8 : 0xfffffa00
       9 : 0x00005212
Found Event 44
Found bank name "GALI"
       0 : 0x000053fa
       1 : 0x0000012a
       2 : 0x000000ef
       3 : 0xfffffffe
       4 : 0xfffff286
       5 : 0x00000000
       6 : 0xffffff99
       7 : 0x00000000
       8 : 0xfffffa1f
       9 : 0x00005404
Found Event 45
Found bank name "GALI"
       0 : 0x000055f0
       1 : 0x0000013d
       2 : 0x00000131
       3 : 0xfffffffe
       4 : 0xfffff253
       5 : 0x00000000
       6 : 0xffffff96
       7 : 0x00000000
       8 : 0xfffffa5d
       9 : 0x000055f8
Found Event 46
Found bank name "GALI"
       0 : 0x000057e4
       1 : 0x0000017c
       2 : 0x000000fe
       3 : 0xfffffffe
       4 : 0xfffff221
       5 : 0x00000000
       6 : 0xffffff9e
       7 : 0x00000000
       8 : 0xfffffa7b
       9 : 0x000057ec
Found Event 47
Found bank name "GALI"
       0 : 0x000059d8
       1 : 0x00000156
       2 : 0x000000f0
       3 : 0xfffffffe
       4 : 0xfffff1f0
       5 : 0x00000000
       6 : 0xffffff9e
       7 : 0x00000000
       8 : 0xfffffa7b
       9 : 0x000059e0
Found Event 48
Found bank name "GALI"
       0 : 0x00005bca
       1 : 0x00000161
       2 : 0x0000011d
       3 : 0xfffffffe
       4 : 0xfffff1c1
       5 : 0x00000000
       6 : 0xffffffa0
       7 : 0x00000000
       8 : 0xfffffa5d
       9 : 0x00005bd6
Found Event 49
Found bank name "GALI"
       0 : 0x00005dc0
       1 : 0x00000158
       2 : 0x000000f5
       3 : 0xfffffffe
       4 : 0xfffff192
       5 : 0x00000000
       6 : 0xffffff9f
       7 : 0x00000000
       8 : 0xfffffa1f
       9 : 0x00005dca
Found End Of Run 176
Closing file "./run00176.mid"

TrigReport ---------- Event  Summary ------------
TrigReport Events total = 49 passed = 49 failed = 0

TrigReport ------ Modules in End-Path: end_path ------------
TrigReport  Trig Bit#    Visited     Passed     Failed      Error Name
TrigReport     0    0         49         49          0          0 outfile

TimeReport ---------- Time  Summary ---[sec]----
TimeReport CPU = 0.010296 Real = 0.010996

