%MSG-i MF_INIT_OK:  gm2 31-Aug-2016 10:45:09 CDT JobSetup
Messagelogger initialization complete.
%MSG
%MSG-w CONFIG:  gm2 31-Aug-2016 10:45:10 CDT JobSetup
Use of services.user parameter set is deprecated.
Define all services in services parameter set.
%MSG
31-Aug-2016 10:45:10 CDT  Initiating request to open file ./exampleParseMidasFile.root
31-Aug-2016 10:45:10 CDT  Successfully opened file ./exampleParseMidasFile.root
Begin processing the 1st record. run: 176 subRun: 0 event: 1 at 31-Aug-2016 10:45:10 CDT
%MSG-w FailModule:  PrintBankExample:readBankExample 31-Aug-2016 10:45:10 CDT  run: 176 subRun: 0 event: 1
Module failed due to an exception
---- ProductNotFound BEGIN
  getByLabel: Found zero products matching all criteria
  Looking for type: std::vector<gm2midastoart::MidasEventArtRecord<gm2midastoart::CaloHeaderBank> >
  Looking for module label: MidasBankInput
  Looking for productInstanceName: CB01
  
---- ProductNotFound END


%MSG
Begin processing the 2nd record. run: 176 subRun: 0 event: 2 at 31-Aug-2016 10:45:10 CDT
%MSG-w FailModule:  PrintBankExample:readBankExample 31-Aug-2016 10:45:10 CDT  run: 176 subRun: 0 event: 2
Module failed due to an exception
---- ProductNotFound BEGIN
  getByLabel: Found zero products matching all criteria
  Looking for type: std::vector<gm2midastoart::MidasEventArtRecord<gm2midastoart::CaloHeaderBank> >
  Looking for module label: MidasBankInput
  Looking for productInstanceName: CB01
  
---- ProductNotFound END


%MSG
Begin processing the 3rd record. run: 176 subRun: 0 event: 3 at 31-Aug-2016 10:45:10 CDT
%MSG-w FailModule:  PrintBankExample:readBankExample 31-Aug-2016 10:45:10 CDT  run: 176 subRun: 0 event: 3
Module failed due to an exception
---- ProductNotFound BEGIN
  getByLabel: Found zero products matching all criteria
  Looking for type: std::vector<gm2midastoart::MidasEventArtRecord<gm2midastoart::CaloHeaderBank> >
  Looking for module label: MidasBankInput
  Looking for productInstanceName: CB01
  
---- ProductNotFound END


%MSG
Begin processing the 4th record. run: 176 subRun: 0 event: 4 at 31-Aug-2016 10:45:10 CDT
%MSG-w FailModule:  PrintBankExample:readBankExample 31-Aug-2016 10:45:10 CDT  run: 176 subRun: 0 event: 4
Module failed due to an exception
---- ProductNotFound BEGIN
  getByLabel: Found zero products matching all criteria
  Looking for type: std::vector<gm2midastoart::MidasEventArtRecord<gm2midastoart::CaloHeaderBank> >
  Looking for module label: MidasBankInput
  Looking for productInstanceName: CB01
  
---- ProductNotFound END


%MSG
Begin processing the 5th record. run: 176 subRun: 0 event: 5 at 31-Aug-2016 10:45:10 CDT
%MSG-w FailModule:  PrintBankExample:readBankExample 31-Aug-2016 10:45:10 CDT  run: 176 subRun: 0 event: 5
Module failed due to an exception
---- ProductNotFound BEGIN
  getByLabel: Found zero products matching all criteria
  Looking for type: std::vector<gm2midastoart::MidasEventArtRecord<gm2midastoart::CaloHeaderBank> >
  Looking for module label: MidasBankInput
  Looking for productInstanceName: CB01
  
---- ProductNotFound END


%MSG
Begin processing the 6th record. run: 176 subRun: 0 event: 6 at 31-Aug-2016 10:45:10 CDT
%MSG-w FailModule:  PrintBankExample:readBankExample 31-Aug-2016 10:45:10 CDT  run: 176 subRun: 0 event: 6
Module failed due to an exception
---- ProductNotFound BEGIN
  getByLabel: Found zero products matching all criteria
  Looking for type: std::vector<gm2midastoart::MidasEventArtRecord<gm2midastoart::CaloHeaderBank> >
  Looking for module label: MidasBankInput
  Looking for productInstanceName: CB01
  
---- ProductNotFound END


%MSG
Begin processing the 7th record. run: 176 subRun: 0 event: 7 at 31-Aug-2016 10:45:10 CDT
%MSG-w FailModule:  PrintBankExample:readBankExample 31-Aug-2016 10:45:10 CDT  run: 176 subRun: 0 event: 7
Module failed due to an exception
---- ProductNotFound BEGIN
  getByLabel: Found zero products matching all criteria
  Looking for type: std::vector<gm2midastoart::MidasEventArtRecord<gm2midastoart::CaloHeaderBank> >
  Looking for module label: MidasBankInput
  Looking for productInstanceName: CB01
  
---- ProductNotFound END


%MSG
Begin processing the 8th record. run: 176 subRun: 0 event: 8 at 31-Aug-2016 10:45:10 CDT
%MSG-w FailModule:  PrintBankExample:readBankExample 31-Aug-2016 10:45:10 CDT  run: 176 subRun: 0 event: 8
Module failed due to an exception
---- ProductNotFound BEGIN
  getByLabel: Found zero products matching all criteria
  Looking for type: std::vector<gm2midastoart::MidasEventArtRecord<gm2midastoart::CaloHeaderBank> >
  Looking for module label: MidasBankInput
  Looking for productInstanceName: CB01
  
---- ProductNotFound END


%MSG
Begin processing the 9th record. run: 176 subRun: 0 event: 9 at 31-Aug-2016 10:45:10 CDT
%MSG-w FailModule:  PrintBankExample:readBankExample 31-Aug-2016 10:45:10 CDT  run: 176 subRun: 0 event: 9
Module failed due to an exception
---- ProductNotFound BEGIN
  getByLabel: Found zero products matching all criteria
  Looking for type: std::vector<gm2midastoart::MidasEventArtRecord<gm2midastoart::CaloHeaderBank> >
  Looking for module label: MidasBankInput
  Looking for productInstanceName: CB01
  
---- ProductNotFound END


%MSG
Begin processing the 10th record. run: 176 subRun: 0 event: 10 at 31-Aug-2016 10:45:10 CDT
%MSG-w FailModule:  PrintBankExample:readBankExample 31-Aug-2016 10:45:10 CDT  run: 176 subRun: 0 event: 10
Module failed due to an exception
---- ProductNotFound BEGIN
  getByLabel: Found zero products matching all criteria
  Looking for type: std::vector<gm2midastoart::MidasEventArtRecord<gm2midastoart::CaloHeaderBank> >
  Looking for module label: MidasBankInput
  Looking for productInstanceName: CB01
  
---- ProductNotFound END


%MSG
Begin processing the 11th record. run: 176 subRun: 0 event: 11 at 31-Aug-2016 10:45:10 CDT
%MSG-w FailModule:  PrintBankExample:readBankExample 31-Aug-2016 10:45:10 CDT  run: 176 subRun: 0 event: 11
Module failed due to an exception
---- ProductNotFound BEGIN
  getByLabel: Found zero products matching all criteria
  Looking for type: std::vector<gm2midastoart::MidasEventArtRecord<gm2midastoart::CaloHeaderBank> >
  Looking for module label: MidasBankInput
  Looking for productInstanceName: CB01
  
---- ProductNotFound END


%MSG
Begin processing the 12th record. run: 176 subRun: 0 event: 12 at 31-Aug-2016 10:45:10 CDT
%MSG-w FailModule:  PrintBankExample:readBankExample 31-Aug-2016 10:45:10 CDT  run: 176 subRun: 0 event: 12
Module failed due to an exception
---- ProductNotFound BEGIN
  getByLabel: Found zero products matching all criteria
  Looking for type: std::vector<gm2midastoart::MidasEventArtRecord<gm2midastoart::CaloHeaderBank> >
  Looking for module label: MidasBankInput
  Looking for productInstanceName: CB01
  
---- ProductNotFound END


%MSG
Begin processing the 13th record. run: 176 subRun: 0 event: 13 at 31-Aug-2016 10:45:10 CDT
%MSG-w FailModule:  PrintBankExample:readBankExample 31-Aug-2016 10:45:10 CDT  run: 176 subRun: 0 event: 13
Module failed due to an exception
---- ProductNotFound BEGIN
  getByLabel: Found zero products matching all criteria
  Looking for type: std::vector<gm2midastoart::MidasEventArtRecord<gm2midastoart::CaloHeaderBank> >
  Looking for module label: MidasBankInput
  Looking for productInstanceName: CB01
  
---- ProductNotFound END


%MSG
Begin processing the 14th record. run: 176 subRun: 0 event: 14 at 31-Aug-2016 10:45:10 CDT
%MSG-w FailModule:  PrintBankExample:readBankExample 31-Aug-2016 10:45:10 CDT  run: 176 subRun: 0 event: 14
Module failed due to an exception
---- ProductNotFound BEGIN
  getByLabel: Found zero products matching all criteria
  Looking for type: std::vector<gm2midastoart::MidasEventArtRecord<gm2midastoart::CaloHeaderBank> >
  Looking for module label: MidasBankInput
  Looking for productInstanceName: CB01
  
---- ProductNotFound END


%MSG
Begin processing the 15th record. run: 176 subRun: 0 event: 15 at 31-Aug-2016 10:45:10 CDT
%MSG-w FailModule:  PrintBankExample:readBankExample 31-Aug-2016 10:45:10 CDT  run: 176 subRun: 0 event: 15
Module failed due to an exception
---- ProductNotFound BEGIN
  getByLabel: Found zero products matching all criteria
  Looking for type: std::vector<gm2midastoart::MidasEventArtRecord<gm2midastoart::CaloHeaderBank> >
  Looking for module label: MidasBankInput
  Looking for productInstanceName: CB01
  
---- ProductNotFound END


%MSG
Begin processing the 16th record. run: 176 subRun: 0 event: 16 at 31-Aug-2016 10:45:10 CDT
%MSG-w FailModule:  PrintBankExample:readBankExample 31-Aug-2016 10:45:10 CDT  run: 176 subRun: 0 event: 16
Module failed due to an exception
---- ProductNotFound BEGIN
  getByLabel: Found zero products matching all criteria
  Looking for type: std::vector<gm2midastoart::MidasEventArtRecord<gm2midastoart::CaloHeaderBank> >
  Looking for module label: MidasBankInput
  Looking for productInstanceName: CB01
  
---- ProductNotFound END


%MSG
Begin processing the 17th record. run: 176 subRun: 0 event: 17 at 31-Aug-2016 10:45:10 CDT
%MSG-w FailModule:  PrintBankExample:readBankExample 31-Aug-2016 10:45:10 CDT  run: 176 subRun: 0 event: 17
Module failed due to an exception
---- ProductNotFound BEGIN
  getByLabel: Found zero products matching all criteria
  Looking for type: std::vector<gm2midastoart::MidasEventArtRecord<gm2midastoart::CaloHeaderBank> >
  Looking for module label: MidasBankInput
  Looking for productInstanceName: CB01
  
---- ProductNotFound END


%MSG
Begin processing the 18th record. run: 176 subRun: 0 event: 18 at 31-Aug-2016 10:45:10 CDT
%MSG-w FailModule:  PrintBankExample:readBankExample 31-Aug-2016 10:45:10 CDT  run: 176 subRun: 0 event: 18
Module failed due to an exception
---- ProductNotFound BEGIN
  getByLabel: Found zero products matching all criteria
  Looking for type: std::vector<gm2midastoart::MidasEventArtRecord<gm2midastoart::CaloHeaderBank> >
  Looking for module label: MidasBankInput
  Looking for productInstanceName: CB01
  
---- ProductNotFound END


%MSG
Begin processing the 19th record. run: 176 subRun: 0 event: 19 at 31-Aug-2016 10:45:10 CDT
%MSG-w FailModule:  PrintBankExample:readBankExample 31-Aug-2016 10:45:10 CDT  run: 176 subRun: 0 event: 19
Module failed due to an exception
---- ProductNotFound BEGIN
  getByLabel: Found zero products matching all criteria
  Looking for type: std::vector<gm2midastoart::MidasEventArtRecord<gm2midastoart::CaloHeaderBank> >
  Looking for module label: MidasBankInput
  Looking for productInstanceName: CB01
  
---- ProductNotFound END


%MSG
Begin processing the 20th record. run: 176 subRun: 0 event: 20 at 31-Aug-2016 10:45:10 CDT
%MSG-w FailModule:  PrintBankExample:readBankExample 31-Aug-2016 10:45:10 CDT  run: 176 subRun: 0 event: 20
Module failed due to an exception
---- ProductNotFound BEGIN
  getByLabel: Found zero products matching all criteria
  Looking for type: std::vector<gm2midastoart::MidasEventArtRecord<gm2midastoart::CaloHeaderBank> >
  Looking for module label: MidasBankInput
  Looking for productInstanceName: CB01
  
---- ProductNotFound END


%MSG
Begin processing the 21st record. run: 176 subRun: 0 event: 21 at 31-Aug-2016 10:45:10 CDT
%MSG-w FailModule:  PrintBankExample:readBankExample 31-Aug-2016 10:45:10 CDT  run: 176 subRun: 0 event: 21
Module failed due to an exception
---- ProductNotFound BEGIN
  getByLabel: Found zero products matching all criteria
  Looking for type: std::vector<gm2midastoart::MidasEventArtRecord<gm2midastoart::CaloHeaderBank> >
  Looking for module label: MidasBankInput
  Looking for productInstanceName: CB01
  
---- ProductNotFound END


%MSG
Begin processing the 22nd record. run: 176 subRun: 0 event: 22 at 31-Aug-2016 10:45:10 CDT
%MSG-w FailModule:  PrintBankExample:readBankExample 31-Aug-2016 10:45:10 CDT  run: 176 subRun: 0 event: 22
Module failed due to an exception
---- ProductNotFound BEGIN
  getByLabel: Found zero products matching all criteria
  Looking for type: std::vector<gm2midastoart::MidasEventArtRecord<gm2midastoart::CaloHeaderBank> >
  Looking for module label: MidasBankInput
  Looking for productInstanceName: CB01
  
---- ProductNotFound END


%MSG
Begin processing the 23rd record. run: 176 subRun: 0 event: 23 at 31-Aug-2016 10:45:10 CDT
%MSG-w FailModule:  PrintBankExample:readBankExample 31-Aug-2016 10:45:10 CDT  run: 176 subRun: 0 event: 23
Module failed due to an exception
---- ProductNotFound BEGIN
  getByLabel: Found zero products matching all criteria
  Looking for type: std::vector<gm2midastoart::MidasEventArtRecord<gm2midastoart::CaloHeaderBank> >
  Looking for module label: MidasBankInput
  Looking for productInstanceName: CB01
  
---- ProductNotFound END


%MSG
Begin processing the 24th record. run: 176 subRun: 0 event: 24 at 31-Aug-2016 10:45:10 CDT
%MSG-w FailModule:  PrintBankExample:readBankExample 31-Aug-2016 10:45:10 CDT  run: 176 subRun: 0 event: 24
Module failed due to an exception
---- ProductNotFound BEGIN
  getByLabel: Found zero products matching all criteria
  Looking for type: std::vector<gm2midastoart::MidasEventArtRecord<gm2midastoart::CaloHeaderBank> >
  Looking for module label: MidasBankInput
  Looking for productInstanceName: CB01
  
---- ProductNotFound END


%MSG
Begin processing the 25th record. run: 176 subRun: 0 event: 25 at 31-Aug-2016 10:45:10 CDT
%MSG-w FailModule:  PrintBankExample:readBankExample 31-Aug-2016 10:45:10 CDT  run: 176 subRun: 0 event: 25
Module failed due to an exception
---- ProductNotFound BEGIN
  getByLabel: Found zero products matching all criteria
  Looking for type: std::vector<gm2midastoart::MidasEventArtRecord<gm2midastoart::CaloHeaderBank> >
  Looking for module label: MidasBankInput
  Looking for productInstanceName: CB01
  
---- ProductNotFound END


%MSG
Begin processing the 26th record. run: 176 subRun: 0 event: 26 at 31-Aug-2016 10:45:10 CDT
%MSG-w FailModule:  PrintBankExample:readBankExample 31-Aug-2016 10:45:10 CDT  run: 176 subRun: 0 event: 26
Module failed due to an exception
---- ProductNotFound BEGIN
  getByLabel: Found zero products matching all criteria
  Looking for type: std::vector<gm2midastoart::MidasEventArtRecord<gm2midastoart::CaloHeaderBank> >
  Looking for module label: MidasBankInput
  Looking for productInstanceName: CB01
  
---- ProductNotFound END


%MSG
Begin processing the 27th record. run: 176 subRun: 0 event: 27 at 31-Aug-2016 10:45:10 CDT
%MSG-w FailModule:  PrintBankExample:readBankExample 31-Aug-2016 10:45:10 CDT  run: 176 subRun: 0 event: 27
Module failed due to an exception
---- ProductNotFound BEGIN
  getByLabel: Found zero products matching all criteria
  Looking for type: std::vector<gm2midastoart::MidasEventArtRecord<gm2midastoart::CaloHeaderBank> >
  Looking for module label: MidasBankInput
  Looking for productInstanceName: CB01
  
---- ProductNotFound END


%MSG
Begin processing the 28th record. run: 176 subRun: 0 event: 28 at 31-Aug-2016 10:45:10 CDT
%MSG-w FailModule:  PrintBankExample:readBankExample 31-Aug-2016 10:45:10 CDT  run: 176 subRun: 0 event: 28
Module failed due to an exception
---- ProductNotFound BEGIN
  getByLabel: Found zero products matching all criteria
  Looking for type: std::vector<gm2midastoart::MidasEventArtRecord<gm2midastoart::CaloHeaderBank> >
  Looking for module label: MidasBankInput
  Looking for productInstanceName: CB01
  
---- ProductNotFound END


%MSG
Begin processing the 29th record. run: 176 subRun: 0 event: 29 at 31-Aug-2016 10:45:10 CDT
%MSG-w FailModule:  PrintBankExample:readBankExample 31-Aug-2016 10:45:10 CDT  run: 176 subRun: 0 event: 29
Module failed due to an exception
---- ProductNotFound BEGIN
  getByLabel: Found zero products matching all criteria
  Looking for type: std::vector<gm2midastoart::MidasEventArtRecord<gm2midastoart::CaloHeaderBank> >
  Looking for module label: MidasBankInput
  Looking for productInstanceName: CB01
  
---- ProductNotFound END


%MSG
Begin processing the 30th record. run: 176 subRun: 0 event: 30 at 31-Aug-2016 10:45:10 CDT
%MSG-w FailModule:  PrintBankExample:readBankExample 31-Aug-2016 10:45:10 CDT  run: 176 subRun: 0 event: 30
Module failed due to an exception
---- ProductNotFound BEGIN
  getByLabel: Found zero products matching all criteria
  Looking for type: std::vector<gm2midastoart::MidasEventArtRecord<gm2midastoart::CaloHeaderBank> >
  Looking for module label: MidasBankInput
  Looking for productInstanceName: CB01
  
---- ProductNotFound END


%MSG
Begin processing the 31st record. run: 176 subRun: 0 event: 31 at 31-Aug-2016 10:45:10 CDT
%MSG-w FailModule:  PrintBankExample:readBankExample 31-Aug-2016 10:45:10 CDT  run: 176 subRun: 0 event: 31
Module failed due to an exception
---- ProductNotFound BEGIN
  getByLabel: Found zero products matching all criteria
  Looking for type: std::vector<gm2midastoart::MidasEventArtRecord<gm2midastoart::CaloHeaderBank> >
  Looking for module label: MidasBankInput
  Looking for productInstanceName: CB01
  
---- ProductNotFound END


%MSG
Begin processing the 32nd record. run: 176 subRun: 0 event: 32 at 31-Aug-2016 10:45:10 CDT
%MSG-w FailModule:  PrintBankExample:readBankExample 31-Aug-2016 10:45:10 CDT  run: 176 subRun: 0 event: 32
Module failed due to an exception
---- ProductNotFound BEGIN
  getByLabel: Found zero products matching all criteria
  Looking for type: std::vector<gm2midastoart::MidasEventArtRecord<gm2midastoart::CaloHeaderBank> >
  Looking for module label: MidasBankInput
  Looking for productInstanceName: CB01
  
---- ProductNotFound END


%MSG
Begin processing the 33rd record. run: 176 subRun: 0 event: 33 at 31-Aug-2016 10:45:10 CDT
%MSG-w FailModule:  PrintBankExample:readBankExample 31-Aug-2016 10:45:10 CDT  run: 176 subRun: 0 event: 33
Module failed due to an exception
---- ProductNotFound BEGIN
  getByLabel: Found zero products matching all criteria
  Looking for type: std::vector<gm2midastoart::MidasEventArtRecord<gm2midastoart::CaloHeaderBank> >
  Looking for module label: MidasBankInput
  Looking for productInstanceName: CB01
  
---- ProductNotFound END


%MSG
Begin processing the 34th record. run: 176 subRun: 0 event: 34 at 31-Aug-2016 10:45:10 CDT
%MSG-w FailModule:  PrintBankExample:readBankExample 31-Aug-2016 10:45:10 CDT  run: 176 subRun: 0 event: 34
Module failed due to an exception
---- ProductNotFound BEGIN
  getByLabel: Found zero products matching all criteria
  Looking for type: std::vector<gm2midastoart::MidasEventArtRecord<gm2midastoart::CaloHeaderBank> >
  Looking for module label: MidasBankInput
  Looking for productInstanceName: CB01
  
---- ProductNotFound END


%MSG
Begin processing the 35th record. run: 176 subRun: 0 event: 35 at 31-Aug-2016 10:45:10 CDT
%MSG-w FailModule:  PrintBankExample:readBankExample 31-Aug-2016 10:45:10 CDT  run: 176 subRun: 0 event: 35
Module failed due to an exception
---- ProductNotFound BEGIN
  getByLabel: Found zero products matching all criteria
  Looking for type: std::vector<gm2midastoart::MidasEventArtRecord<gm2midastoart::CaloHeaderBank> >
  Looking for module label: MidasBankInput
  Looking for productInstanceName: CB01
  
---- ProductNotFound END


%MSG
Begin processing the 36th record. run: 176 subRun: 0 event: 36 at 31-Aug-2016 10:45:10 CDT
%MSG-w FailModule:  PrintBankExample:readBankExample 31-Aug-2016 10:45:10 CDT  run: 176 subRun: 0 event: 36
Module failed due to an exception
---- ProductNotFound BEGIN
  getByLabel: Found zero products matching all criteria
  Looking for type: std::vector<gm2midastoart::MidasEventArtRecord<gm2midastoart::CaloHeaderBank> >
  Looking for module label: MidasBankInput
  Looking for productInstanceName: CB01
  
---- ProductNotFound END


%MSG
Begin processing the 37th record. run: 176 subRun: 0 event: 37 at 31-Aug-2016 10:45:10 CDT
%MSG-w FailModule:  PrintBankExample:readBankExample 31-Aug-2016 10:45:10 CDT  run: 176 subRun: 0 event: 37
Module failed due to an exception
---- ProductNotFound BEGIN
  getByLabel: Found zero products matching all criteria
  Looking for type: std::vector<gm2midastoart::MidasEventArtRecord<gm2midastoart::CaloHeaderBank> >
  Looking for module label: MidasBankInput
  Looking for productInstanceName: CB01
  
---- ProductNotFound END


%MSG
Begin processing the 38th record. run: 176 subRun: 0 event: 38 at 31-Aug-2016 10:45:10 CDT
%MSG-w FailModule:  PrintBankExample:readBankExample 31-Aug-2016 10:45:10 CDT  run: 176 subRun: 0 event: 38
Module failed due to an exception
---- ProductNotFound BEGIN
  getByLabel: Found zero products matching all criteria
  Looking for type: std::vector<gm2midastoart::MidasEventArtRecord<gm2midastoart::CaloHeaderBank> >
  Looking for module label: MidasBankInput
  Looking for productInstanceName: CB01
  
---- ProductNotFound END


%MSG
Begin processing the 39th record. run: 176 subRun: 0 event: 39 at 31-Aug-2016 10:45:10 CDT
%MSG-w FailModule:  PrintBankExample:readBankExample 31-Aug-2016 10:45:10 CDT  run: 176 subRun: 0 event: 39
Module failed due to an exception
---- ProductNotFound BEGIN
  getByLabel: Found zero products matching all criteria
  Looking for type: std::vector<gm2midastoart::MidasEventArtRecord<gm2midastoart::CaloHeaderBank> >
  Looking for module label: MidasBankInput
  Looking for productInstanceName: CB01
  
---- ProductNotFound END


%MSG
Begin processing the 40th record. run: 176 subRun: 0 event: 40 at 31-Aug-2016 10:45:10 CDT
%MSG-w FailModule:  PrintBankExample:readBankExample 31-Aug-2016 10:45:10 CDT  run: 176 subRun: 0 event: 40
Module failed due to an exception
---- ProductNotFound BEGIN
  getByLabel: Found zero products matching all criteria
  Looking for type: std::vector<gm2midastoart::MidasEventArtRecord<gm2midastoart::CaloHeaderBank> >
  Looking for module label: MidasBankInput
  Looking for productInstanceName: CB01
  
---- ProductNotFound END


%MSG
Begin processing the 41st record. run: 176 subRun: 0 event: 41 at 31-Aug-2016 10:45:10 CDT
%MSG-w FailModule:  PrintBankExample:readBankExample 31-Aug-2016 10:45:10 CDT  run: 176 subRun: 0 event: 41
Module failed due to an exception
---- ProductNotFound BEGIN
  getByLabel: Found zero products matching all criteria
  Looking for type: std::vector<gm2midastoart::MidasEventArtRecord<gm2midastoart::CaloHeaderBank> >
  Looking for module label: MidasBankInput
  Looking for productInstanceName: CB01
  
---- ProductNotFound END


%MSG
Begin processing the 42nd record. run: 176 subRun: 0 event: 42 at 31-Aug-2016 10:45:10 CDT
%MSG-w FailModule:  PrintBankExample:readBankExample 31-Aug-2016 10:45:10 CDT  run: 176 subRun: 0 event: 42
Module failed due to an exception
---- ProductNotFound BEGIN
  getByLabel: Found zero products matching all criteria
  Looking for type: std::vector<gm2midastoart::MidasEventArtRecord<gm2midastoart::CaloHeaderBank> >
  Looking for module label: MidasBankInput
  Looking for productInstanceName: CB01
  
---- ProductNotFound END


%MSG
Begin processing the 43rd record. run: 176 subRun: 0 event: 43 at 31-Aug-2016 10:45:10 CDT
%MSG-w FailModule:  PrintBankExample:readBankExample 31-Aug-2016 10:45:10 CDT  run: 176 subRun: 0 event: 43
Module failed due to an exception
---- ProductNotFound BEGIN
  getByLabel: Found zero products matching all criteria
  Looking for type: std::vector<gm2midastoart::MidasEventArtRecord<gm2midastoart::CaloHeaderBank> >
  Looking for module label: MidasBankInput
  Looking for productInstanceName: CB01
  
---- ProductNotFound END


%MSG
Begin processing the 44th record. run: 176 subRun: 0 event: 44 at 31-Aug-2016 10:45:10 CDT
%MSG-w FailModule:  PrintBankExample:readBankExample 31-Aug-2016 10:45:10 CDT  run: 176 subRun: 0 event: 44
Module failed due to an exception
---- ProductNotFound BEGIN
  getByLabel: Found zero products matching all criteria
  Looking for type: std::vector<gm2midastoart::MidasEventArtRecord<gm2midastoart::CaloHeaderBank> >
  Looking for module label: MidasBankInput
  Looking for productInstanceName: CB01
  
---- ProductNotFound END


%MSG
Begin processing the 45th record. run: 176 subRun: 0 event: 45 at 31-Aug-2016 10:45:10 CDT
%MSG-w FailModule:  PrintBankExample:readBankExample 31-Aug-2016 10:45:10 CDT  run: 176 subRun: 0 event: 45
Module failed due to an exception
---- ProductNotFound BEGIN
  getByLabel: Found zero products matching all criteria
  Looking for type: std::vector<gm2midastoart::MidasEventArtRecord<gm2midastoart::CaloHeaderBank> >
  Looking for module label: MidasBankInput
  Looking for productInstanceName: CB01
  
---- ProductNotFound END


%MSG
Begin processing the 46th record. run: 176 subRun: 0 event: 46 at 31-Aug-2016 10:45:10 CDT
%MSG-w FailModule:  PrintBankExample:readBankExample 31-Aug-2016 10:45:10 CDT  run: 176 subRun: 0 event: 46
Module failed due to an exception
---- ProductNotFound BEGIN
  getByLabel: Found zero products matching all criteria
  Looking for type: std::vector<gm2midastoart::MidasEventArtRecord<gm2midastoart::CaloHeaderBank> >
  Looking for module label: MidasBankInput
  Looking for productInstanceName: CB01
  
---- ProductNotFound END


%MSG
Begin processing the 47th record. run: 176 subRun: 0 event: 47 at 31-Aug-2016 10:45:10 CDT
%MSG-w FailModule:  PrintBankExample:readBankExample 31-Aug-2016 10:45:10 CDT  run: 176 subRun: 0 event: 47
Module failed due to an exception
---- ProductNotFound BEGIN
  getByLabel: Found zero products matching all criteria
  Looking for type: std::vector<gm2midastoart::MidasEventArtRecord<gm2midastoart::CaloHeaderBank> >
  Looking for module label: MidasBankInput
  Looking for productInstanceName: CB01
  
---- ProductNotFound END


%MSG
Begin processing the 48th record. run: 176 subRun: 0 event: 48 at 31-Aug-2016 10:45:10 CDT
%MSG-w FailModule:  PrintBankExample:readBankExample 31-Aug-2016 10:45:10 CDT  run: 176 subRun: 0 event: 48
Module failed due to an exception
---- ProductNotFound BEGIN
  getByLabel: Found zero products matching all criteria
  Looking for type: std::vector<gm2midastoart::MidasEventArtRecord<gm2midastoart::CaloHeaderBank> >
  Looking for module label: MidasBankInput
  Looking for productInstanceName: CB01
  
---- ProductNotFound END


%MSG
Begin processing the 49th record. run: 176 subRun: 0 event: 49 at 31-Aug-2016 10:45:10 CDT
%MSG-w FailModule:  PrintBankExample:readBankExample 31-Aug-2016 10:45:10 CDT  run: 176 subRun: 0 event: 49
Module failed due to an exception
---- ProductNotFound BEGIN
  getByLabel: Found zero products matching all criteria
  Looking for type: std::vector<gm2midastoart::MidasEventArtRecord<gm2midastoart::CaloHeaderBank> >
  Looking for module label: MidasBankInput
  Looking for productInstanceName: CB01
  
---- ProductNotFound END


%MSG
31-Aug-2016 10:45:10 CDT  Closed file ./exampleParseMidasFile.root

TrigReport ---------- Event  Summary ------------
TrigReport Events total = 49 passed = 49 failed = 0

TrigReport ------ Modules in End-Path: end_path ------------
TrigReport  Trig Bit#    Visited     Passed     Failed      Error Name
TrigReport     0    0         49         49          0          0 readBankExample

TimeReport ---------- Time  Summary ---[sec]----
TimeReport CPU = 0.004178 Real = 0.003999

